*** This is NuSMV 2.6.0 (compiled on Wed Oct 14 15:36:56 2015)
*** Enabled addons are: compass
*** For more information on NuSMV see <http://nusmv.fbk.eu>
*** or email to <nusmv-users@list.fbk.eu>.
*** Please report bugs to <Please report bugs to <nusmv-users@fbk.eu>>

*** Copyright (c) 2010-2014, Fondazione Bruno Kessler

*** This version of NuSMV is linked to the CUDD library version 2.4.1
*** Copyright (c) 1995-2004, Regents of the University of Colorado

*** This version of NuSMV is linked to the MiniSat SAT solver.
*** See http://minisat.se/MiniSat.html
*** Copyright (c) 2003-2006, Niklas Een, Niklas Sorensson
*** Copyright (c) 2007-2010, Niklas Sorensson

-- specification  G (Bit1 <->  X Bit1)  is false
-- as demonstrated by the following execution sequence
Trace Description: LTL Counterexample
Trace Type: Counterexample
  -> State: 1.1 <-
    Bit1 = FALSE
    Bit2 = FALSE
    state = s1
  -> Input: 1.2 <-
    input = FALSE
  -> State: 1.2 <-
  -> Input: 1.3 <-
    input = TRUE
  -> State: 1.3 <-
    Bit1 = TRUE
    state = s2
  -> Input: 1.4 <-
  -- Loop starts here
  -> State: 1.4 <-
    Bit2 = TRUE
    state = s4
  -> Input: 1.5 <-
  -- Loop starts here
  -> State: 1.5 <-
  -> Input: 1.6 <-
  -> State: 1.6 <-
-- specification  G (Bit1 <->  X Bit2)  is true
